19:42:33 **** Incremental Build of configuration Debug for project PSUControllerF072_FreeRTOS ****
make -j4 all 
arm-none-eabi-gcc -o "PSUControllerF072_FreeRTOS.elf" @"objects.list"   -mcpu=cortex-m0 -T"/home/chris/Projects/Embedded/CommonSlotPSU_TouchScreenController_SW/PSUControllerV2/PSUControllerF072_FreeRTOS/STM32F072RBTX_FLASH.ld" --specs=nosys.specs -Wl,-Map="PSUControllerF072_FreeRTOS.map" -Wl,--gc-sections -static -u _printf_float --specs=nano.specs -mfloat-abi=soft -mthumb -Wl,--start-group -lc -lm -Wl,--end-group
Core/Src/adc.o: In function `MX_ADC_Init':
/home/chris/Projects/Embedded/CommonSlotPSU_TouchScreenController_SW/PSUControllerV2/PSUControllerF072_FreeRTOS/Debug/../Core/Src/adc.c:31: multiple definition of `MX_ADC_Init'
Core/Src/UserTasks.o:/home/chris/Projects/Embedded/CommonSlotPSU_TouchScreenController_SW/PSUControllerV2/PSUControllerF072_FreeRTOS/Debug/../Core/Src/adc.c:31: first defined here
Core/Src/adc.o: In function `HAL_ADC_MspInit':
/home/chris/Projects/Embedded/CommonSlotPSU_TouchScreenController_SW/PSUControllerV2/PSUControllerF072_FreeRTOS/Debug/../Core/Src/adc.c:67: multiple definition of `HAL_ADC_MspInit'
Core/Src/UserTasks.o:/home/chris/Projects/Embedded/CommonSlotPSU_TouchScreenController_SW/PSUControllerV2/PSUControllerF072_FreeRTOS/Debug/../Core/Src/adc.c:67: first defined here
Core/Src/adc.o: In function `HAL_ADC_MspDeInit':
/home/chris/Projects/Embedded/CommonSlotPSU_TouchScreenController_SW/PSUControllerV2/PSUControllerF072_FreeRTOS/Debug/../Core/Src/adc.c:94: multiple definition of `HAL_ADC_MspDeInit'
Core/Src/UserTasks.o:/home/chris/Projects/Embedded/CommonSlotPSU_TouchScreenController_SW/PSUControllerV2/PSUControllerF072_FreeRTOS/Debug/../Core/Src/adc.c:94: first defined here
collect2: error: ld returned 1 exit status
make: *** [makefile:56: PSUControllerF072_FreeRTOS.elf] Error 1
"make -j4 all" terminated with exit code 2. Build might be incomplete.
19:43:06 **** Incremental Build of configuration Debug for project PSUControllerF072 ****
make -j4 all 
arm-none-eabi-gcc "/home/chris/Projects/Embedded/Optimized_TSC2046_TouchSceen/TSC2046_STM32_EventManager.c" -mcpu=cortex-m0 -std=gnu11 -g3 -DUSE_HAL_DRIVER -DSTM32F072xB -DDEBUG -c -I"/home/chris/Projects/Embedded/Optimized_STM32_ILI9341" -I../Drivers/STM32F0xx_HAL_Driver/Inc -I../Drivers/CMSIS/Include -I"/home/chris/Projects/Embedded/Optimized_TSC2046_TouchSceen" -I../Core/Inc -I../Drivers/STM32F0xx_HAL_Driver/Inc/Legacy -I../Drivers/CMSIS/Device/ST/STM32F0xx/Include -O0 -ffunction-sections -fdata-sections -Wall -fstack-usage -MMD -MP -MF"Optimized_TSC2046_TouchSceen/TSC2046_STM32_EventManager.d" -MT"Optimized_TSC2046_TouchSceen/TSC2046_STM32_EventManager.o" --specs=nano.specs -mfloat-abi=soft -mthumb -o "Optimized_TSC2046_TouchSceen/TSC2046_STM32_EventManager.o"
arm-none-eabi-gcc "/home/chris/Projects/Embedded/Optimized_TSC2046_TouchSceen/TSC2046_STM32_HardwareManager.c" -mcpu=cortex-m0 -std=gnu11 -g3 -DUSE_HAL_DRIVER -DSTM32F072xB -DDEBUG -c -I"/home/chris/Projects/Embedded/Optimized_STM32_ILI9341" -I../Drivers/STM32F0xx_HAL_Driver/Inc -I../Drivers/CMSIS/Include -I"/home/chris/Projects/Embedded/Optimized_TSC2046_TouchSceen" -I../Core/Inc -I../Drivers/STM32F0xx_HAL_Driver/Inc/Legacy -I../Drivers/CMSIS/Device/ST/STM32F0xx/Include -O0 -ffunction-sections -fdata-sections -Wall -fstack-usage -MMD -MP -MF"Optimized_TSC2046_TouchSceen/TSC2046_STM32_HardwareManager.d" -MT"Optimized_TSC2046_TouchSceen/TSC2046_STM32_HardwareManager.o" --specs=nano.specs -mfloat-abi=soft -mthumb -o "Optimized_TSC2046_TouchSceen/TSC2046_STM32_HardwareManager.o"
arm-none-eabi-gcc "/home/chris/Projects/Embedded/Optimized_TSC2046_TouchSceen/TSC2046_STM32_InterruptManager.c" -mcpu=cortex-m0 -std=gnu11 -g3 -DUSE_HAL_DRIVER -DSTM32F072xB -DDEBUG -c -I"/home/chris/Projects/Embedded/Optimized_STM32_ILI9341" -I../Drivers/STM32F0xx_HAL_Driver/Inc -I../Drivers/CMSIS/Include -I"/home/chris/Projects/Embedded/Optimized_TSC2046_TouchSceen" -I../Core/Inc -I../Drivers/STM32F0xx_HAL_Driver/Inc/Legacy -I../Drivers/CMSIS/Device/ST/STM32F0xx/Include -O0 -ffunction-sections -fdata-sections -Wall -fstack-usage -MMD -MP -MF"Optimized_TSC2046_TouchSceen/TSC2046_STM32_InterruptManager.d" -MT"Optimized_TSC2046_TouchSceen/TSC2046_STM32_InterruptManager.o" --specs=nano.specs -mfloat-abi=soft -mthumb -o "Optimized_TSC2046_TouchSceen/TSC2046_STM32_InterruptManager.o"
arm-none-eabi-gcc "/home/chris/Projects/Embedded/Optimized_STM32_ILI9341/ILI9341_GFX.c" -mcpu=cortex-m0 -std=gnu11 -g3 -DUSE_HAL_DRIVER -DSTM32F072xB -DDEBUG -c -I"/home/chris/Projects/Embedded/Optimized_STM32_ILI9341" -I../Drivers/STM32F0xx_HAL_Driver/Inc -I../Drivers/CMSIS/Include -I"/home/chris/Projects/Embedded/Optimized_TSC2046_TouchSceen" -I../Core/Inc -I../Drivers/STM32F0xx_HAL_Driver/Inc/Legacy -I../Drivers/CMSIS/Device/ST/STM32F0xx/Include -O0 -ffunction-sections -fdata-sections -Wall -fstack-usage -MMD -MP -MF"Optimized_STM32_ILI9341/ILI9341_GFX.d" -MT"Optimized_STM32_ILI9341/ILI9341_GFX.o" --specs=nano.specs -mfloat-abi=soft -mthumb -o "Optimized_STM32_ILI9341/ILI9341_GFX.o"
arm-none-eabi-gcc "/home/chris/Projects/Embedded/Optimized_STM32_ILI9341/ILI9341_STM32_Driver.c" -mcpu=cortex-m0 -std=gnu11 -g3 -DUSE_HAL_DRIVER -DSTM32F072xB -DDEBUG -c -I"/home/chris/Projects/Embedded/Optimized_STM32_ILI9341" -I../Drivers/STM32F0xx_HAL_Driver/Inc -I../Drivers/CMSIS/Include -I"/home/chris/Projects/Embedded/Optimized_TSC2046_TouchSceen" -I../Core/Inc -I../Drivers/STM32F0xx_HAL_Driver/Inc/Legacy -I../Drivers/CMSIS/Device/ST/STM32F0xx/Include -O0 -ffunction-sections -fdata-sections -Wall -fstack-usage -MMD -MP -MF"Optimized_STM32_ILI9341/ILI9341_STM32_Driver.d" -MT"Optimized_STM32_ILI9341/ILI9341_STM32_Driver.o" --specs=nano.specs -mfloat-abi=soft -mthumb -o "Optimized_STM32_ILI9341/ILI9341_STM32_Driver.o"
arm-none-eabi-gcc "../Drivers/STM32F0xx_HAL_Driver/Src/stm32f0xx_hal.c" -mcpu=cortex-m0 -std=gnu11 -g3 -DUSE_HAL_DRIVER -DSTM32F072xB -DDEBUG -c -I"/home/chris/Projects/Embedded/Optimized_STM32_ILI9341" -I../Drivers/STM32F0xx_HAL_Driver/Inc -I../Drivers/CMSIS/Include -I"/home/chris/Projects/Embedded/Optimized_TSC2046_TouchSceen" -I../Core/Inc -I../Drivers/STM32F0xx_HAL_Driver/Inc/Legacy -I../Drivers/CMSIS/Device/ST/STM32F0xx/Include -O0 -ffunction-sections -fdata-sections -Wall -fstack-usage -MMD -MP -MF"Drivers/STM32F0xx_HAL_Driver/Src/stm32f0xx_hal.d" -MT"Drivers/STM32F0xx_HAL_Driver/Src/stm32f0xx_hal.o" --specs=nano.specs -mfloat-abi=soft -mthumb -o "Drivers/STM32F0xx_HAL_Driver/Src/stm32f0xx_hal.o"
arm-none-eabi-gcc "../Drivers/STM32F0xx_HAL_Driver/Src/stm32f0xx_hal_adc.c" -mcpu=cortex-m0 -std=gnu11 -g3 -DUSE_HAL_DRIVER -DSTM32F072xB -DDEBUG -c -I"/home/chris/Projects/Embedded/Optimized_STM32_ILI9341" -I../Drivers/STM32F0xx_HAL_Driver/Inc -I../Drivers/CMSIS/Include -I"/home/chris/Projects/Embedded/Optimized_TSC2046_TouchSceen" -I../Core/Inc -I../Drivers/STM32F0xx_HAL_Driver/Inc/Legacy -I../Drivers/CMSIS/Device/ST/STM32F0xx/Include -O0 -ffunction-sections -fdata-sections -Wall -fstack-usage -MMD -MP -MF"Drivers/STM32F0xx_HAL_Driver/Src/stm32f0xx_hal_adc.d" -MT"Drivers/STM32F0xx_HAL_Driver/Src/stm32f0xx_hal_adc.o" --specs=nano.specs -mfloat-abi=soft -mthumb -o "Drivers/STM32F0xx_HAL_Driver/Src/stm32f0xx_hal_adc.o"
arm-none-eabi-gcc "../Drivers/STM32F0xx_HAL_Driver/Src/stm32f0xx_hal_adc_ex.c" -mcpu=cortex-m0 -std=gnu11 -g3 -DUSE_HAL_DRIVER -DSTM32F072xB -DDEBUG -c -I"/home/chris/Projects/Embedded/Optimized_STM32_ILI9341" -I../Drivers/STM32F0xx_HAL_Driver/Inc -I../Drivers/CMSIS/Include -I"/home/chris/Projects/Embedded/Optimized_TSC2046_TouchSceen" -I../Core/Inc -I../Drivers/STM32F0xx_HAL_Driver/Inc/Legacy -I../Drivers/CMSIS/Device/ST/STM32F0xx/Include -O0 -ffunction-sections -fdata-sections -Wall -fstack-usage -MMD -MP -MF"Drivers/STM32F0xx_HAL_Driver/Src/stm32f0xx_hal_adc_ex.d" -MT"Drivers/STM32F0xx_HAL_Driver/Src/stm32f0xx_hal_adc_ex.o" --specs=nano.specs -mfloat-abi=soft -mthumb -o "Drivers/STM32F0xx_HAL_Driver/Src/stm32f0xx_hal_adc_ex.o"
arm-none-eabi-gcc "../Drivers/STM32F0xx_HAL_Driver/Src/stm32f0xx_hal_cortex.c" -mcpu=cortex-m0 -std=gnu11 -g3 -DUSE_HAL_DRIVER -DSTM32F072xB -DDEBUG -c -I"/home/chris/Projects/Embedded/Optimized_STM32_ILI9341" -I../Drivers/STM32F0xx_HAL_Driver/Inc -I../Drivers/CMSIS/Include -I"/home/chris/Projects/Embedded/Optimized_TSC2046_TouchSceen" -I../Core/Inc -I../Drivers/STM32F0xx_HAL_Driver/Inc/Legacy -I../Drivers/CMSIS/Device/ST/STM32F0xx/Include -O0 -ffunction-sections -fdata-sections -Wall -fstack-usage -MMD -MP -MF"Drivers/STM32F0xx_HAL_Driver/Src/stm32f0xx_hal_cortex.d" -MT"Drivers/STM32F0xx_HAL_Driver/Src/stm32f0xx_hal_cortex.o" --specs=nano.specs -mfloat-abi=soft -mthumb -o "Drivers/STM32F0xx_HAL_Driver/Src/stm32f0xx_hal_cortex.o"
arm-none-eabi-gcc "../Drivers/STM32F0xx_HAL_Driver/Src/stm32f0xx_hal_dma.c" -mcpu=cortex-m0 -std=gnu11 -g3 -DUSE_HAL_DRIVER -DSTM32F072xB -DDEBUG -c -I"/home/chris/Projects/Embedded/Optimized_STM32_ILI9341" -I../Drivers/STM32F0xx_HAL_Driver/Inc -I../Drivers/CMSIS/Include -I"/home/chris/Projects/Embedded/Optimized_TSC2046_TouchSceen" -I../Core/Inc -I../Drivers/STM32F0xx_HAL_Driver/Inc/Legacy -I../Drivers/CMSIS/Device/ST/STM32F0xx/Include -O0 -ffunction-sections -fdata-sections -Wall -fstack-usage -MMD -MP -MF"Drivers/STM32F0xx_HAL_Driver/Src/stm32f0xx_hal_dma.d" -MT"Drivers/STM32F0xx_HAL_Driver/Src/stm32f0xx_hal_dma.o" --specs=nano.specs -mfloat-abi=soft -mthumb -o "Drivers/STM32F0xx_HAL_Driver/Src/stm32f0xx_hal_dma.o"
arm-none-eabi-gcc "../Drivers/STM32F0xx_HAL_Driver/Src/stm32f0xx_hal_exti.c" -mcpu=cortex-m0 -std=gnu11 -g3 -DUSE_HAL_DRIVER -DSTM32F072xB -DDEBUG -c -I"/home/chris/Projects/Embedded/Optimized_STM32_ILI9341" -I../Drivers/STM32F0xx_HAL_Driver/Inc -I../Drivers/CMSIS/Include -I"/home/chris/Projects/Embedded/Optimized_TSC2046_TouchSceen" -I../Core/Inc -I../Drivers/STM32F0xx_HAL_Driver/Inc/Legacy -I../Drivers/CMSIS/Device/ST/STM32F0xx/Include -O0 -ffunction-sections -fdata-sections -Wall -fstack-usage -MMD -MP -MF"Drivers/STM32F0xx_HAL_Driver/Src/stm32f0xx_hal_exti.d" -MT"Drivers/STM32F0xx_HAL_Driver/Src/stm32f0xx_hal_exti.o" --specs=nano.specs -mfloat-abi=soft -mthumb -o "Drivers/STM32F0xx_HAL_Driver/Src/stm32f0xx_hal_exti.o"
arm-none-eabi-gcc "../Drivers/STM32F0xx_HAL_Driver/Src/stm32f0xx_hal_flash.c" -mcpu=cortex-m0 -std=gnu11 -g3 -DUSE_HAL_DRIVER -DSTM32F072xB -DDEBUG -c -I"/home/chris/Projects/Embedded/Optimized_STM32_ILI9341" -I../Drivers/STM32F0xx_HAL_Driver/Inc -I../Drivers/CMSIS/Include -I"/home/chris/Projects/Embedded/Optimized_TSC2046_TouchSceen" -I../Core/Inc -I../Drivers/STM32F0xx_HAL_Driver/Inc/Legacy -I../Drivers/CMSIS/Device/ST/STM32F0xx/Include -O0 -ffunction-sections -fdata-sections -Wall -fstack-usage -MMD -MP -MF"Drivers/STM32F0xx_HAL_Driver/Src/stm32f0xx_hal_flash.d" -MT"Drivers/STM32F0xx_HAL_Driver/Src/stm32f0xx_hal_flash.o" --specs=nano.specs -mfloat-abi=soft -mthumb -o "Drivers/STM32F0xx_HAL_Driver/Src/stm32f0xx_hal_flash.o"
arm-none-eabi-gcc "../Drivers/STM32F0xx_HAL_Driver/Src/stm32f0xx_hal_flash_ex.c" -mcpu=cortex-m0 -std=gnu11 -g3 -DUSE_HAL_DRIVER -DSTM32F072xB -DDEBUG -c -I"/home/chris/Projects/Embedded/Optimized_STM32_ILI9341" -I../Drivers/STM32F0xx_HAL_Driver/Inc -I../Drivers/CMSIS/Include -I"/home/chris/Projects/Embedded/Optimized_TSC2046_TouchSceen" -I../Core/Inc -I../Drivers/STM32F0xx_HAL_Driver/Inc/Legacy -I../Drivers/CMSIS/Device/ST/STM32F0xx/Include -O0 -ffunction-sections -fdata-sections -Wall -fstack-usage -MMD -MP -MF"Drivers/STM32F0xx_HAL_Driver/Src/stm32f0xx_hal_flash_ex.d" -MT"Drivers/STM32F0xx_HAL_Driver/Src/stm32f0xx_hal_flash_ex.o" --specs=nano.specs -mfloat-abi=soft -mthumb -o "Drivers/STM32F0xx_HAL_Driver/Src/stm32f0xx_hal_flash_ex.o"
arm-none-eabi-gcc "../Drivers/STM32F0xx_HAL_Driver/Src/stm32f0xx_hal_gpio.c" -mcpu=cortex-m0 -std=gnu11 -g3 -DUSE_HAL_DRIVER -DSTM32F072xB -DDEBUG -c -I"/home/chris/Projects/Embedded/Optimized_STM32_ILI9341" -I../Drivers/STM32F0xx_HAL_Driver/Inc -I../Drivers/CMSIS/Include -I"/home/chris/Projects/Embedded/Optimized_TSC2046_TouchSceen" -I../Core/Inc -I../Drivers/STM32F0xx_HAL_Driver/Inc/Legacy -I../Drivers/CMSIS/Device/ST/STM32F0xx/Include -O0 -ffunction-sections -fdata-sections -Wall -fstack-usage -MMD -MP -MF"Drivers/STM32F0xx_HAL_Driver/Src/stm32f0xx_hal_gpio.d" -MT"Drivers/STM32F0xx_HAL_Driver/Src/stm32f0xx_hal_gpio.o" --specs=nano.specs -mfloat-abi=soft -mthumb -o "Drivers/STM32F0xx_HAL_Driver/Src/stm32f0xx_hal_gpio.o"
arm-none-eabi-gcc "../Drivers/STM32F0xx_HAL_Driver/Src/stm32f0xx_hal_i2c.c" -mcpu=cortex-m0 -std=gnu11 -g3 -DUSE_HAL_DRIVER -DSTM32F072xB -DDEBUG -c -I"/home/chris/Projects/Embedded/Optimized_STM32_ILI9341" -I../Drivers/STM32F0xx_HAL_Driver/Inc -I../Drivers/CMSIS/Include -I"/home/chris/Projects/Embedded/Optimized_TSC2046_TouchSceen" -I../Core/Inc -I../Drivers/STM32F0xx_HAL_Driver/Inc/Legacy -I../Drivers/CMSIS/Device/ST/STM32F0xx/Include -O0 -ffunction-sections -fdata-sections -Wall -fstack-usage -MMD -MP -MF"Drivers/STM32F0xx_HAL_Driver/Src/stm32f0xx_hal_i2c.d" -MT"Drivers/STM32F0xx_HAL_Driver/Src/stm32f0xx_hal_i2c.o" --specs=nano.specs -mfloat-abi=soft -mthumb -o "Drivers/STM32F0xx_HAL_Driver/Src/stm32f0xx_hal_i2c.o"
arm-none-eabi-gcc "../Drivers/STM32F0xx_HAL_Driver/Src/stm32f0xx_hal_i2c_ex.c" -mcpu=cortex-m0 -std=gnu11 -g3 -DUSE_HAL_DRIVER -DSTM32F072xB -DDEBUG -c -I"/home/chris/Projects/Embedded/Optimized_STM32_ILI9341" -I../Drivers/STM32F0xx_HAL_Driver/Inc -I../Drivers/CMSIS/Include -I"/home/chris/Projects/Embedded/Optimized_TSC2046_TouchSceen" -I../Core/Inc -I../Drivers/STM32F0xx_HAL_Driver/Inc/Legacy -I../Drivers/CMSIS/Device/ST/STM32F0xx/Include -O0 -ffunction-sections -fdata-sections -Wall -fstack-usage -MMD -MP -MF"Drivers/STM32F0xx_HAL_Driver/Src/stm32f0xx_hal_i2c_ex.d" -MT"Drivers/STM32F0xx_HAL_Driver/Src/stm32f0xx_hal_i2c_ex.o" --specs=nano.specs -mfloat-abi=soft -mthumb -o "Drivers/STM32F0xx_HAL_Driver/Src/stm32f0xx_hal_i2c_ex.o"
arm-none-eabi-gcc "../Drivers/STM32F0xx_HAL_Driver/Src/stm32f0xx_hal_pwr.c" -mcpu=cortex-m0 -std=gnu11 -g3 -DUSE_HAL_DRIVER -DSTM32F072xB -DDEBUG -c -I"/home/chris/Projects/Embedded/Optimized_STM32_ILI9341" -I../Drivers/STM32F0xx_HAL_Driver/Inc -I../Drivers/CMSIS/Include -I"/home/chris/Projects/Embedded/Optimized_TSC2046_TouchSceen" -I../Core/Inc -I../Drivers/STM32F0xx_HAL_Driver/Inc/Legacy -I../Drivers/CMSIS/Device/ST/STM32F0xx/Include -O0 -ffunction-sections -fdata-sections -Wall -fstack-usage -MMD -MP -MF"Drivers/STM32F0xx_HAL_Driver/Src/stm32f0xx_hal_pwr.d" -MT"Drivers/STM32F0xx_HAL_Driver/Src/stm32f0xx_hal_pwr.o" --specs=nano.specs -mfloat-abi=soft -mthumb -o "Drivers/STM32F0xx_HAL_Driver/Src/stm32f0xx_hal_pwr.o"
arm-none-eabi-gcc "../Drivers/STM32F0xx_HAL_Driver/Src/stm32f0xx_hal_pwr_ex.c" -mcpu=cortex-m0 -std=gnu11 -g3 -DUSE_HAL_DRIVER -DSTM32F072xB -DDEBUG -c -I"/home/chris/Projects/Embedded/Optimized_STM32_ILI9341" -I../Drivers/STM32F0xx_HAL_Driver/Inc -I../Drivers/CMSIS/Include -I"/home/chris/Projects/Embedded/Optimized_TSC2046_TouchSceen" -I../Core/Inc -I../Drivers/STM32F0xx_HAL_Driver/Inc/Legacy -I../Drivers/CMSIS/Device/ST/STM32F0xx/Include -O0 -ffunction-sections -fdata-sections -Wall -fstack-usage -MMD -MP -MF"Drivers/STM32F0xx_HAL_Driver/Src/stm32f0xx_hal_pwr_ex.d" -MT"Drivers/STM32F0xx_HAL_Driver/Src/stm32f0xx_hal_pwr_ex.o" --specs=nano.specs -mfloat-abi=soft -mthumb -o "Drivers/STM32F0xx_HAL_Driver/Src/stm32f0xx_hal_pwr_ex.o"
arm-none-eabi-gcc "../Drivers/STM32F0xx_HAL_Driver/Src/stm32f0xx_hal_rcc.c" -mcpu=cortex-m0 -std=gnu11 -g3 -DUSE_HAL_DRIVER -DSTM32F072xB -DDEBUG -c -I"/home/chris/Projects/Embedded/Optimized_STM32_ILI9341" -I../Drivers/STM32F0xx_HAL_Driver/Inc -I../Drivers/CMSIS/Include -I"/home/chris/Projects/Embedded/Optimized_TSC2046_TouchSceen" -I../Core/Inc -I../Drivers/STM32F0xx_HAL_Driver/Inc/Legacy -I../Drivers/CMSIS/Device/ST/STM32F0xx/Include -O0 -ffunction-sections -fdata-sections -Wall -fstack-usage -MMD -MP -MF"Drivers/STM32F0xx_HAL_Driver/Src/stm32f0xx_hal_rcc.d" -MT"Drivers/STM32F0xx_HAL_Driver/Src/stm32f0xx_hal_rcc.o" --specs=nano.specs -mfloat-abi=soft -mthumb -o "Drivers/STM32F0xx_HAL_Driver/Src/stm32f0xx_hal_rcc.o"
arm-none-eabi-gcc "../Drivers/STM32F0xx_HAL_Driver/Src/stm32f0xx_hal_rcc_ex.c" -mcpu=cortex-m0 -std=gnu11 -g3 -DUSE_HAL_DRIVER -DSTM32F072xB -DDEBUG -c -I"/home/chris/Projects/Embedded/Optimized_STM32_ILI9341" -I../Drivers/STM32F0xx_HAL_Driver/Inc -I../Drivers/CMSIS/Include -I"/home/chris/Projects/Embedded/Optimized_TSC2046_TouchSceen" -I../Core/Inc -I../Drivers/STM32F0xx_HAL_Driver/Inc/Legacy -I../Drivers/CMSIS/Device/ST/STM32F0xx/Include -O0 -ffunction-sections -fdata-sections -Wall -fstack-usage -MMD -MP -MF"Drivers/STM32F0xx_HAL_Driver/Src/stm32f0xx_hal_rcc_ex.d" -MT"Drivers/STM32F0xx_HAL_Driver/Src/stm32f0xx_hal_rcc_ex.o" --specs=nano.specs -mfloat-abi=soft -mthumb -o "Drivers/STM32F0xx_HAL_Driver/Src/stm32f0xx_hal_rcc_ex.o"
arm-none-eabi-gcc "../Drivers/STM32F0xx_HAL_Driver/Src/stm32f0xx_hal_spi.c" -mcpu=cortex-m0 -std=gnu11 -g3 -DUSE_HAL_DRIVER -DSTM32F072xB -DDEBUG -c -I"/home/chris/Projects/Embedded/Optimized_STM32_ILI9341" -I../Drivers/STM32F0xx_HAL_Driver/Inc -I../Drivers/CMSIS/Include -I"/home/chris/Projects/Embedded/Optimized_TSC2046_TouchSceen" -I../Core/Inc -I../Drivers/STM32F0xx_HAL_Driver/Inc/Legacy -I../Drivers/CMSIS/Device/ST/STM32F0xx/Include -O0 -ffunction-sections -fdata-sections -Wall -fstack-usage -MMD -MP -MF"Drivers/STM32F0xx_HAL_Driver/Src/stm32f0xx_hal_spi.d" -MT"Drivers/STM32F0xx_HAL_Driver/Src/stm32f0xx_hal_spi.o" --specs=nano.specs -mfloat-abi=soft -mthumb -o "Drivers/STM32F0xx_HAL_Driver/Src/stm32f0xx_hal_spi.o"
arm-none-eabi-gcc "../Drivers/STM32F0xx_HAL_Driver/Src/stm32f0xx_hal_spi_ex.c" -mcpu=cortex-m0 -std=gnu11 -g3 -DUSE_HAL_DRIVER -DSTM32F072xB -DDEBUG -c -I"/home/chris/Projects/Embedded/Optimized_STM32_ILI9341" -I../Drivers/STM32F0xx_HAL_Driver/Inc -I../Drivers/CMSIS/Include -I"/home/chris/Projects/Embedded/Optimized_TSC2046_TouchSceen" -I../Core/Inc -I../Drivers/STM32F0xx_HAL_Driver/Inc/Legacy -I../Drivers/CMSIS/Device/ST/STM32F0xx/Include -O0 -ffunction-sections -fdata-sections -Wall -fstack-usage -MMD -MP -MF"Drivers/STM32F0xx_HAL_Driver/Src/stm32f0xx_hal_spi_ex.d" -MT"Drivers/STM32F0xx_HAL_Driver/Src/stm32f0xx_hal_spi_ex.o" --specs=nano.specs -mfloat-abi=soft -mthumb -o "Drivers/STM32F0xx_HAL_Driver/Src/stm32f0xx_hal_spi_ex.o"
arm-none-eabi-gcc "../Drivers/STM32F0xx_HAL_Driver/Src/stm32f0xx_hal_tim.c" -mcpu=cortex-m0 -std=gnu11 -g3 -DUSE_HAL_DRIVER -DSTM32F072xB -DDEBUG -c -I"/home/chris/Projects/Embedded/Optimized_STM32_ILI9341" -I../Drivers/STM32F0xx_HAL_Driver/Inc -I../Drivers/CMSIS/Include -I"/home/chris/Projects/Embedded/Optimized_TSC2046_TouchSceen" -I../Core/Inc -I../Drivers/STM32F0xx_HAL_Driver/Inc/Legacy -I../Drivers/CMSIS/Device/ST/STM32F0xx/Include -O0 -ffunction-sections -fdata-sections -Wall -fstack-usage -MMD -MP -MF"Drivers/STM32F0xx_HAL_Driver/Src/stm32f0xx_hal_tim.d" -MT"Drivers/STM32F0xx_HAL_Driver/Src/stm32f0xx_hal_tim.o" --specs=nano.specs -mfloat-abi=soft -mthumb -o "Drivers/STM32F0xx_HAL_Driver/Src/stm32f0xx_hal_tim.o"
arm-none-eabi-gcc "../Drivers/STM32F0xx_HAL_Driver/Src/stm32f0xx_hal_tim_ex.c" -mcpu=cortex-m0 -std=gnu11 -g3 -DUSE_HAL_DRIVER -DSTM32F072xB -DDEBUG -c -I"/home/chris/Projects/Embedded/Optimized_STM32_ILI9341" -I../Drivers/STM32F0xx_HAL_Driver/Inc -I../Drivers/CMSIS/Include -I"/home/chris/Projects/Embedded/Optimized_TSC2046_TouchSceen" -I../Core/Inc -I../Drivers/STM32F0xx_HAL_Driver/Inc/Legacy -I../Drivers/CMSIS/Device/ST/STM32F0xx/Include -O0 -ffunction-sections -fdata-sections -Wall -fstack-usage -MMD -MP -MF"Drivers/STM32F0xx_HAL_Driver/Src/stm32f0xx_hal_tim_ex.d" -MT"Drivers/STM32F0xx_HAL_Driver/Src/stm32f0xx_hal_tim_ex.o" --specs=nano.specs -mfloat-abi=soft -mthumb -o "Drivers/STM32F0xx_HAL_Driver/Src/stm32f0xx_hal_tim_ex.o"
arm-none-eabi-gcc "../Core/Src/UserTasks.c" -mcpu=cortex-m0 -std=gnu11 -g3 -DUSE_HAL_DRIVER -DSTM32F072xB -DDEBUG -c -I"/home/chris/Projects/Embedded/Optimized_STM32_ILI9341" -I../Drivers/STM32F0xx_HAL_Driver/Inc -I../Drivers/CMSIS/Include -I"/home/chris/Projects/Embedded/Optimized_TSC2046_TouchSceen" -I../Core/Inc -I../Drivers/STM32F0xx_HAL_Driver/Inc/Legacy -I../Drivers/CMSIS/Device/ST/STM32F0xx/Include -O0 -ffunction-sections -fdata-sections -Wall -fstack-usage -MMD -MP -MF"Core/Src/UserTasks.d" -MT"Core/Src/UserTasks.o" --specs=nano.specs -mfloat-abi=soft -mthumb -o "Core/Src/UserTasks.o"
arm-none-eabi-gcc "../Core/Src/adc.c" -mcpu=cortex-m0 -std=gnu11 -g3 -DUSE_HAL_DRIVER -DSTM32F072xB -DDEBUG -c -I"/home/chris/Projects/Embedded/Optimized_STM32_ILI9341" -I../Drivers/STM32F0xx_HAL_Driver/Inc -I../Drivers/CMSIS/Include -I"/home/chris/Projects/Embedded/Optimized_TSC2046_TouchSceen" -I../Core/Inc -I../Drivers/STM32F0xx_HAL_Driver/Inc/Legacy -I../Drivers/CMSIS/Device/ST/STM32F0xx/Include -O0 -ffunction-sections -fdata-sections -Wall -fstack-usage -MMD -MP -MF"Core/Src/adc.d" -MT"Core/Src/adc.o" --specs=nano.specs -mfloat-abi=soft -mthumb -o "Core/Src/adc.o"
arm-none-eabi-gcc "../Core/Src/gpio.c" -mcpu=cortex-m0 -std=gnu11 -g3 -DUSE_HAL_DRIVER -DSTM32F072xB -DDEBUG -c -I"/home/chris/Projects/Embedded/Optimized_STM32_ILI9341" -I../Drivers/STM32F0xx_HAL_Driver/Inc -I../Drivers/CMSIS/Include -I"/home/chris/Projects/Embedded/Optimized_TSC2046_TouchSceen" -I../Core/Inc -I../Drivers/STM32F0xx_HAL_Driver/Inc/Legacy -I../Drivers/CMSIS/Device/ST/STM32F0xx/Include -O0 -ffunction-sections -fdata-sections -Wall -fstack-usage -MMD -MP -MF"Core/Src/gpio.d" -MT"Core/Src/gpio.o" --specs=nano.specs -mfloat-abi=soft -mthumb -o "Core/Src/gpio.o"
arm-none-eabi-gcc "../Core/Src/main.c" -mcpu=cortex-m0 -std=gnu11 -g3 -DUSE_HAL_DRIVER -DSTM32F072xB -DDEBUG -c -I"/home/chris/Projects/Embedded/Optimized_STM32_ILI9341" -I../Drivers/STM32F0xx_HAL_Driver/Inc -I../Drivers/CMSIS/Include -I"/home/chris/Projects/Embedded/Optimized_TSC2046_TouchSceen" -I../Core/Inc -I../Drivers/STM32F0xx_HAL_Driver/Inc/Legacy -I../Drivers/CMSIS/Device/ST/STM32F0xx/Include -O0 -ffunction-sections -fdata-sections -Wall -fstack-usage -MMD -MP -MF"Core/Src/main.d" -MT"Core/Src/main.o" --specs=nano.specs -mfloat-abi=soft -mthumb -o "Core/Src/main.o"
arm-none-eabi-gcc "../Core/Src/spi.c" -mcpu=cortex-m0 -std=gnu11 -g3 -DUSE_HAL_DRIVER -DSTM32F072xB -DDEBUG -c -I"/home/chris/Projects/Embedded/Optimized_STM32_ILI9341" -I../Drivers/STM32F0xx_HAL_Driver/Inc -I../Drivers/CMSIS/Include -I"/home/chris/Projects/Embedded/Optimized_TSC2046_TouchSceen" -I../Core/Inc -I../Drivers/STM32F0xx_HAL_Driver/Inc/Legacy -I../Drivers/CMSIS/Device/ST/STM32F0xx/Include -O0 -ffunction-sections -fdata-sections -Wall -fstack-usage -MMD -MP -MF"Core/Src/spi.d" -MT"Core/Src/spi.o" --specs=nano.specs -mfloat-abi=soft -mthumb -o "Core/Src/spi.o"
arm-none-eabi-gcc "../Core/Src/stm32f0xx_hal_msp.c" -mcpu=cortex-m0 -std=gnu11 -g3 -DUSE_HAL_DRIVER -DSTM32F072xB -DDEBUG -c -I"/home/chris/Projects/Embedded/Optimized_STM32_ILI9341" -I../Drivers/STM32F0xx_HAL_Driver/Inc -I../Drivers/CMSIS/Include -I"/home/chris/Projects/Embedded/Optimized_TSC2046_TouchSceen" -I../Core/Inc -I../Drivers/STM32F0xx_HAL_Driver/Inc/Legacy -I../Drivers/CMSIS/Device/ST/STM32F0xx/Include -O0 -ffunction-sections -fdata-sections -Wall -fstack-usage -MMD -MP -MF"Core/Src/stm32f0xx_hal_msp.d" -MT"Core/Src/stm32f0xx_hal_msp.o" --specs=nano.specs -mfloat-abi=soft -mthumb -o "Core/Src/stm32f0xx_hal_msp.o"
../Core/Src/main.c: In function 'main':
../Core/Src/main.c:125:4: warning: implicit declaration of function 'UserPollADC' [-Wimplicit-function-declaration]
    UserPollADC();
    ^~~~~~~~~~~
arm-none-eabi-gcc "../Core/Src/stm32f0xx_it.c" -mcpu=cortex-m0 -std=gnu11 -g3 -DUSE_HAL_DRIVER -DSTM32F072xB -DDEBUG -c -I"/home/chris/Projects/Embedded/Optimized_STM32_ILI9341" -I../Drivers/STM32F0xx_HAL_Driver/Inc -I../Drivers/CMSIS/Include -I"/home/chris/Projects/Embedded/Optimized_TSC2046_TouchSceen" -I../Core/Inc -I../Drivers/STM32F0xx_HAL_Driver/Inc/Legacy -I../Drivers/CMSIS/Device/ST/STM32F0xx/Include -O0 -ffunction-sections -fdata-sections -Wall -fstack-usage -MMD -MP -MF"Core/Src/stm32f0xx_it.d" -MT"Core/Src/stm32f0xx_it.o" --specs=nano.specs -mfloat-abi=soft -mthumb -o "Core/Src/stm32f0xx_it.o"
arm-none-eabi-gcc "../Core/Src/system_stm32f0xx.c" -mcpu=cortex-m0 -std=gnu11 -g3 -DUSE_HAL_DRIVER -DSTM32F072xB -DDEBUG -c -I"/home/chris/Projects/Embedded/Optimized_STM32_ILI9341" -I../Drivers/STM32F0xx_HAL_Driver/Inc -I../Drivers/CMSIS/Include -I"/home/chris/Projects/Embedded/Optimized_TSC2046_TouchSceen" -I../Core/Inc -I../Drivers/STM32F0xx_HAL_Driver/Inc/Legacy -I../Drivers/CMSIS/Device/ST/STM32F0xx/Include -O0 -ffunction-sections -fdata-sections -Wall -fstack-usage -MMD -MP -MF"Core/Src/system_stm32f0xx.d" -MT"Core/Src/system_stm32f0xx.o" --specs=nano.specs -mfloat-abi=soft -mthumb -o "Core/Src/system_stm32f0xx.o"
arm-none-eabi-gcc "../Core/Src/tim.c" -mcpu=cortex-m0 -std=gnu11 -g3 -DUSE_HAL_DRIVER -DSTM32F072xB -DDEBUG -c -I"/home/chris/Projects/Embedded/Optimized_STM32_ILI9341" -I../Drivers/STM32F0xx_HAL_Driver/Inc -I../Drivers/CMSIS/Include -I"/home/chris/Projects/Embedded/Optimized_TSC2046_TouchSceen" -I../Core/Inc -I../Drivers/STM32F0xx_HAL_Driver/Inc/Legacy -I../Drivers/CMSIS/Device/ST/STM32F0xx/Include -O0 -ffunction-sections -fdata-sections -Wall -fstack-usage -MMD -MP -MF"Core/Src/tim.d" -MT"Core/Src/tim.o" --specs=nano.specs -mfloat-abi=soft -mthumb -o "Core/Src/tim.o"
arm-none-eabi-gcc -o "PSUControllerF072.elf" @"objects.list"   -mcpu=cortex-m0 -T"/home/chris/Projects/Embedded/CommonSlotPSU_TouchScreenController_SW/PSUControllerV2/PSUControllerF072/STM32F072RBTX_FLASH.ld" --specs=nosys.specs -Wl,-Map="PSUControllerF072.map" -Wl,--gc-sections -static -u _printf_float --specs=nano.specs -mfloat-abi=soft -mthumb -Wl,--start-group -lc -lm -Wl,--end-group
Finished building target: PSUControllerF072.elf
 
arm-none-eabi-objdump -h -S  PSUControllerF072.elf  > "PSUControllerF072.list"
arm-none-eabi-objcopy  -O binary  PSUControllerF072.elf  "PSUControllerF072.bin"
arm-none-eabi-size   PSUControllerF072.elf 
   text	   data	    bss	    dec	    hex	filename
  35036	    488	   1936	  37460	   9254	PSUControllerF072.elf
Finished building: default.size.stdout
Finished building: PSUControllerF072.bin
 
 
Finished building: PSUControllerF072.list
 
19:43:08 **** Incremental Build of configuration Debug for project PSUControllerF072_FreeRTOS ****
make -j4 all 
arm-none-eabi-gcc "../Core/Src/UserTasks.c" -mcpu=cortex-m0 -std=gnu11 -g3 -DUSE_HAL_DRIVER -DSTM32F072xB -DDEBUG -c -I../Middlewares/Third_Party/FreeRTOS/Source/include -I../Drivers/STM32F0xx_HAL_Driver/Inc -I../Drivers/CMSIS/Include -I../Core/Inc -I"/home/chris/Projects/Embedded/Optimized_TSC2046_TouchSceen" -I../Drivers/STM32F0xx_HAL_Driver/Inc/Legacy -I../Drivers/CMSIS/Device/ST/STM32F0xx/Include -I"/home/chris/Projects/Embedded/Optimized_STM32_ILI9341" -I../Middlewares/Third_Party/FreeRTOS/Source/CMSIS_RTOS -I../Middlewares/Third_Party/FreeRTOS/Source/portable/GCC/ARM_CM0 -O0 -ffunction-sections -fdata-sections -Wall -fstack-usage -MMD -MP -MF"Core/Src/UserTasks.d" -MT"Core/Src/UserTasks.o" --specs=nano.specs -mfloat-abi=soft -mthumb -o "Core/Src/UserTasks.o"
arm-none-eabi-gcc -o "PSUControllerF072_FreeRTOS.elf" @"objects.list"   -mcpu=cortex-m0 -T"/home/chris/Projects/Embedded/CommonSlotPSU_TouchScreenController_SW/PSUControllerV2/PSUControllerF072_FreeRTOS/STM32F072RBTX_FLASH.ld" --specs=nosys.specs -Wl,-Map="PSUControllerF072_FreeRTOS.map" -Wl,--gc-sections -static -u _printf_float --specs=nano.specs -mfloat-abi=soft -mthumb -Wl,--start-group -lc -lm -Wl,--end-group
Finished building target: PSUControllerF072_FreeRTOS.elf
 
arm-none-eabi-objdump -h -S  PSUControllerF072_FreeRTOS.elf  > "PSUControllerF072_FreeRTOS.list"
arm-none-eabi-objcopy  -O binary  PSUControllerF072_FreeRTOS.elf  "PSUControllerF072_FreeRTOS.bin"
arm-none-eabi-size   PSUControllerF072_FreeRTOS.elf 
Finished building: PSUControllerF072_FreeRTOS.bin
   text	   data	    bss	    dec	    hex	filename
  37200	    496	   5920	  43616	   aa60	PSUControllerF072_FreeRTOS.elf
Finished building: default.size.stdout
 
 
Finished building: PSUControllerF072_FreeRTOS.list
 
19:43:55 **** Incremental Build of configuration Debug for project PSUControllerF072 ****
make -j4 all 
arm-none-eabi-gcc "../Core/Src/UserTasks.c" -mcpu=cortex-m0 -std=gnu11 -g3 -DUSE_HAL_DRIVER -DSTM32F072xB -DDEBUG -c -I"/home/chris/Projects/Embedded/Optimized_STM32_ILI9341" -I../Drivers/STM32F0xx_HAL_Driver/Inc -I../Drivers/CMSIS/Include -I"/home/chris/Projects/Embedded/Optimized_TSC2046_TouchSceen" -I../Core/Inc -I../Drivers/STM32F0xx_HAL_Driver/Inc/Legacy -I../Drivers/CMSIS/Device/ST/STM32F0xx/Include -O0 -ffunction-sections -fdata-sections -Wall -fstack-usage -MMD -MP -MF"Core/Src/UserTasks.d" -MT"Core/Src/UserTasks.o" --specs=nano.specs -mfloat-abi=soft -mthumb -o "Core/Src/UserTasks.o"
arm-none-eabi-gcc "../Core/Src/main.c" -mcpu=cortex-m0 -std=gnu11 -g3 -DUSE_HAL_DRIVER -DSTM32F072xB -DDEBUG -c -I"/home/chris/Projects/Embedded/Optimized_STM32_ILI9341" -I../Drivers/STM32F0xx_HAL_Driver/Inc -I../Drivers/CMSIS/Include -I"/home/chris/Projects/Embedded/Optimized_TSC2046_TouchSceen" -I../Core/Inc -I../Drivers/STM32F0xx_HAL_Driver/Inc/Legacy -I../Drivers/CMSIS/Device/ST/STM32F0xx/Include -O0 -ffunction-sections -fdata-sections -Wall -fstack-usage -MMD -MP -MF"Core/Src/main.d" -MT"Core/Src/main.o" --specs=nano.specs -mfloat-abi=soft -mthumb -o "Core/Src/main.o"
arm-none-eabi-gcc -o "PSUControllerF072.elf" @"objects.list"   -mcpu=cortex-m0 -T"/home/chris/Projects/Embedded/CommonSlotPSU_TouchScreenController_SW/PSUControllerV2/PSUControllerF072/STM32F072RBTX_FLASH.ld" --specs=nosys.specs -Wl,-Map="PSUControllerF072.map" -Wl,--gc-sections -static -u _printf_float --specs=nano.specs -mfloat-abi=soft -mthumb -Wl,--start-group -lc -lm -Wl,--end-group
Finished building target: PSUControllerF072.elf
 
arm-none-eabi-objdump -h -S  PSUControllerF072.elf  > "PSUControllerF072.list"
arm-none-eabi-objcopy  -O binary  PSUControllerF072.elf  "PSUControllerF072.bin"
arm-none-eabi-size   PSUControllerF072.elf 
   text	   data	    bss	    dec	    hex	filename
  35036	    488	   1936	  37460	   9254	PSUControllerF072.elf
Finished building: default.size.stdout
Finished building: PSUControllerF072.bin
 
 
Finished building: PSUControllerF072.list
 
19:43:56 **** Incremental Build of configuration Debug for project PSUControllerF072_FreeRTOS ****
make -j4 all 
arm-none-eabi-gcc "../Core/Src/UserTasks.c" -mcpu=cortex-m0 -std=gnu11 -g3 -DUSE_HAL_DRIVER -DSTM32F072xB -DDEBUG -c -I../Middlewares/Third_Party/FreeRTOS/Source/include -I../Drivers/STM32F0xx_HAL_Driver/Inc -I../Drivers/CMSIS/Include -I../Core/Inc -I"/home/chris/Projects/Embedded/Optimized_TSC2046_TouchSceen" -I../Drivers/STM32F0xx_HAL_Driver/Inc/Legacy -I../Drivers/CMSIS/Device/ST/STM32F0xx/Include -I"/home/chris/Projects/Embedded/Optimized_STM32_ILI9341" -I../Middlewares/Third_Party/FreeRTOS/Source/CMSIS_RTOS -I../Middlewares/Third_Party/FreeRTOS/Source/portable/GCC/ARM_CM0 -O0 -ffunction-sections -fdata-sections -Wall -fstack-usage -MMD -MP -MF"Core/Src/UserTasks.d" -MT"Core/Src/UserTasks.o" --specs=nano.specs -mfloat-abi=soft -mthumb -o "Core/Src/UserTasks.o"
arm-none-eabi-gcc "../Core/Src/freertos.c" -mcpu=cortex-m0 -std=gnu11 -g3 -DUSE_HAL_DRIVER -DSTM32F072xB -DDEBUG -c -I../Middlewares/Third_Party/FreeRTOS/Source/include -I../Drivers/STM32F0xx_HAL_Driver/Inc -I../Drivers/CMSIS/Include -I../Core/Inc -I"/home/chris/Projects/Embedded/Optimized_TSC2046_TouchSceen" -I../Drivers/STM32F0xx_HAL_Driver/Inc/Legacy -I../Drivers/CMSIS/Device/ST/STM32F0xx/Include -I"/home/chris/Projects/Embedded/Optimized_STM32_ILI9341" -I../Middlewares/Third_Party/FreeRTOS/Source/CMSIS_RTOS -I../Middlewares/Third_Party/FreeRTOS/Source/portable/GCC/ARM_CM0 -O0 -ffunction-sections -fdata-sections -Wall -fstack-usage -MMD -MP -MF"Core/Src/freertos.d" -MT"Core/Src/freertos.o" --specs=nano.specs -mfloat-abi=soft -mthumb -o "Core/Src/freertos.o"
arm-none-eabi-gcc -o "PSUControllerF072_FreeRTOS.elf" @"objects.list"   -mcpu=cortex-m0 -T"/home/chris/Projects/Embedded/CommonSlotPSU_TouchScreenController_SW/PSUControllerV2/PSUControllerF072_FreeRTOS/STM32F072RBTX_FLASH.ld" --specs=nosys.specs -Wl,-Map="PSUControllerF072_FreeRTOS.map" -Wl,--gc-sections -static -u _printf_float --specs=nano.specs -mfloat-abi=soft -mthumb -Wl,--start-group -lc -lm -Wl,--end-group
Finished building target: PSUControllerF072_FreeRTOS.elf
 
arm-none-eabi-objdump -h -S  PSUControllerF072_FreeRTOS.elf  > "PSUControllerF072_FreeRTOS.list"
arm-none-eabi-objcopy  -O binary  PSUControllerF072_FreeRTOS.elf  "PSUControllerF072_FreeRTOS.bin"
arm-none-eabi-size   PSUControllerF072_FreeRTOS.elf 
   text	   data	    bss	    dec	    hex	filename
  37200	    496	   5920	  43616	   aa60	PSUControllerF072_FreeRTOS.elf
Finished building: default.size.stdout
 
Finished building: PSUControllerF072_FreeRTOS.bin
 
Finished building: PSUControllerF072_FreeRTOS.list
 
19:44:10 **** Incremental Build of configuration Debug for project PSUControllerF072_FreeRTOS ****
make -j4 all 
arm-none-eabi-gcc "../Core/Src/UserTasks.c" -mcpu=cortex-m0 -std=gnu11 -g3 -DUSE_HAL_DRIVER -DSTM32F072xB -DDEBUG -c -I../Middlewares/Third_Party/FreeRTOS/Source/include -I../Drivers/STM32F0xx_HAL_Driver/Inc -I../Drivers/CMSIS/Include -I../Core/Inc -I"/home/chris/Projects/Embedded/Optimized_TSC2046_TouchSceen" -I../Drivers/STM32F0xx_HAL_Driver/Inc/Legacy -I../Drivers/CMSIS/Device/ST/STM32F0xx/Include -I"/home/chris/Projects/Embedded/Optimized_STM32_ILI9341" -I../Middlewares/Third_Party/FreeRTOS/Source/CMSIS_RTOS -I../Middlewares/Third_Party/FreeRTOS/Source/portable/GCC/ARM_CM0 -O0 -ffunction-sections -fdata-sections -Wall -fstack-usage -MMD -MP -MF"Core/Src/UserTasks.d" -MT"Core/Src/UserTasks.o" --specs=nano.specs -mfloat-abi=soft -mthumb -o "Core/Src/UserTasks.o"
arm-none-eabi-gcc -o "PSUControllerF072_FreeRTOS.elf" @"objects.list"   -mcpu=cortex-m0 -T"/home/chris/Projects/Embedded/CommonSlotPSU_TouchScreenController_SW/PSUControllerV2/PSUControllerF072_FreeRTOS/STM32F072RBTX_FLASH.ld" --specs=nosys.specs -Wl,-Map="PSUControllerF072_FreeRTOS.map" -Wl,--gc-sections -static -u _printf_float --specs=nano.specs -mfloat-abi=soft -mthumb -Wl,--start-group -lc -lm -Wl,--end-group
Finished building target: PSUControllerF072_FreeRTOS.elf
 
arm-none-eabi-objdump -h -S  PSUControllerF072_FreeRTOS.elf  > "PSUControllerF072_FreeRTOS.list"
arm-none-eabi-objcopy  -O binary  PSUControllerF072_FreeRTOS.elf  "PSUControllerF072_FreeRTOS.bin"
arm-none-eabi-size   PSUControllerF072_FreeRTOS.elf 
   text	   data	    bss	    dec	    hex	filename
  37200	    496	   5920	  43616	   aa60	PSUControllerF072_FreeRTOS.elf
Finished building: default.size.stdout
 
Finished building: PSUControllerF072_FreeRTOS.bin
 
Finished building: PSUControllerF072_FreeRTOS.list
 
19:45:47 **** Incremental Build of configuration Debug for project PSUControllerF072_FreeRTOS ****
make -j4 all 
arm-none-eabi-gcc "../Core/Src/UserTasks.c" -mcpu=cortex-m0 -std=gnu11 -g3 -DUSE_HAL_DRIVER -DSTM32F072xB -DDEBUG -c -I../Middlewares/Third_Party/FreeRTOS/Source/include -I../Drivers/STM32F0xx_HAL_Driver/Inc -I../Drivers/CMSIS/Include -I../Core/Inc -I"/home/chris/Projects/Embedded/Optimized_TSC2046_TouchSceen" -I../Drivers/STM32F0xx_HAL_Driver/Inc/Legacy -I../Drivers/CMSIS/Device/ST/STM32F0xx/Include -I"/home/chris/Projects/Embedded/Optimized_STM32_ILI9341" -I../Middlewares/Third_Party/FreeRTOS/Source/CMSIS_RTOS -I../Middlewares/Third_Party/FreeRTOS/Source/portable/GCC/ARM_CM0 -O0 -ffunction-sections -fdata-sections -Wall -fstack-usage -MMD -MP -MF"Core/Src/UserTasks.d" -MT"Core/Src/UserTasks.o" --specs=nano.specs -mfloat-abi=soft -mthumb -o "Core/Src/UserTasks.o"
arm-none-eabi-gcc -o "PSUControllerF072_FreeRTOS.elf" @"objects.list"   -mcpu=cortex-m0 -T"/home/chris/Projects/Embedded/CommonSlotPSU_TouchScreenController_SW/PSUControllerV2/PSUControllerF072_FreeRTOS/STM32F072RBTX_FLASH.ld" --specs=nosys.specs -Wl,-Map="PSUControllerF072_FreeRTOS.map" -Wl,--gc-sections -static -u _printf_float --specs=nano.specs -mfloat-abi=soft -mthumb -Wl,--start-group -lc -lm -Wl,--end-group
Finished building target: PSUControllerF072_FreeRTOS.elf
 
arm-none-eabi-objdump -h -S  PSUControllerF072_FreeRTOS.elf  > "PSUControllerF072_FreeRTOS.list"
arm-none-eabi-objcopy  -O binary  PSUControllerF072_FreeRTOS.elf  "PSUControllerF072_FreeRTOS.bin"
arm-none-eabi-size   PSUControllerF072_FreeRTOS.elf 
   text	   data	    bss	    dec	    hex	filename
  37200	    496	   5920	  43616	   aa60	PSUControllerF072_FreeRTOS.elf
Finished building: default.size.stdout
Finished building: PSUControllerF072_FreeRTOS.bin
 
 
Finished building: PSUControllerF072_FreeRTOS.list
 
