"FreeRTOS Task Aware Debugger for GDB" version 1.0.2 (201704260904)
(c) 2016 NXP Semiconductors, Inc.
==================================
23:29:40.830 INFO: [TadState] TAD state changed:  NONE -> DEBUG_INIT_0 (RESUMED, USER_REQUEST)
23:29:40.838 INFO: [TadState] TAD state changed:  DEBUG_INIT_0 -> DEBUG_INIT_1 (SUSPENDED, SIGNAL)
23:29:43.765 INFO: [TadState] TAD state changed:  DEBUG_INIT_1 -> DEBUG_SUSPENDED (RESUMED, USER_REQUEST)
23:29:43.824 INFO: [TadState] TAD state changed:  DEBUG_SUSPENDED -> DEBUG_SUSPENDED (SUSPENDED, BREAKPOINT)
23:29:46.856 INFO: [TadState] TAD state changed:  DEBUG_SUSPENDED -> DEBUG_RESUMED (RESUMED, USER_REQUEST)
23:29:49.686 INFO: [TadState] TAD state changed:  DEBUG_RESUMED -> READY (SUSPENDED, BREAKPOINT)
23:29:52.08 INFO: [TadState] TAD state changed:  READY -> DEBUG_RESUMED (RESUMED, USER_REQUEST)
23:29:53.65 INFO: [TadState] TAD state changed:  DEBUG_RESUMED -> READY (SUSPENDED, BREAKPOINT)
23:29:54.132 INFO: [Benchmark] Loading data for "Task List" has started.
23:29:55.132 ERROR: [QueueFactory] Queue registry size is zero! Each queue must be registered with vQueueAddToRegistry() and configQUEUE_REGISTRY_SIZE macro 
must be greater than zero (found in FreeRTOSConfig.h)
23:29:56.136 INFO: [FreeRTOS] FreeRTOS macro "configGENERATE_RUN_TIME_STATS" is disabled.
23:29:57.151 INFO: [FreeRTOS] FreeRTOS macro "configRECORD_STACK_HIGH_ADDRESS" is disabled.
23:29:58.156 INFO: [FreeRTOS] FreeRTOS macro "configUSE_TRACE_FACILITY" is disabled.
23:29:58.281 ERROR: [TaskFactory] Could not read pxEndOfStack variable needed for determining correct stack size! 
	Please enable "configRECORD_STACK_HIGH_ADDRESS" macro in FreeRTOSConfig.h.
23:29:58.281 INFO: [Benchmark] Loading data for "Task List" took 4150 ms.
23:31:17.932 INFO: [TadState] TAD state changed:  READY -> DEBUG_RESUMED (RESUMED, USER_REQUEST)
23:31:19.160 INFO: [TadState] TAD state changed:  DEBUG_RESUMED -> READY (SUSPENDED, BREAKPOINT)
23:31:19.160 INFO: [Benchmark] Loading data for "Task List" has started.
23:31:19.283 ERROR: [TaskFactory] Could not read pxEndOfStack variable needed for determining correct stack size! 
	Please enable "configRECORD_STACK_HIGH_ADDRESS" macro in FreeRTOSConfig.h.
23:31:19.283 INFO: [Benchmark] Loading data for "Task List" took 123 ms.
23:31:25.150 INFO: [TadState] TAD state changed:  READY -> DEBUG_RESUMED (RESUMED, USER_REQUEST)
23:31:28.652 INFO: [TadState] TAD state changed:  DEBUG_RESUMED -> READY (SUSPENDED, BREAKPOINT)
23:31:28.652 INFO: [Benchmark] Loading data for "Task List" has started.
23:31:28.808 ERROR: [TaskFactory] Could not read pxEndOfStack variable needed for determining correct stack size! 
	Please enable "configRECORD_STACK_HIGH_ADDRESS" macro in FreeRTOSConfig.h.
23:31:28.809 INFO: [Benchmark] Loading data for "Task List" took 156 ms.
23:31:33.222 INFO: [TadState] TAD state changed:  READY -> DEBUG_RESUMED (RESUMED, USER_REQUEST)
23:31:33.309 INFO: [TadState] TAD state changed:  DEBUG_RESUMED -> READY (SUSPENDED, BREAKPOINT)
23:31:33.309 INFO: [Benchmark] Loading data for "Task List" has started.
23:31:33.430 ERROR: [TaskFactory] Could not read pxEndOfStack variable needed for determining correct stack size! 
	Please enable "configRECORD_STACK_HIGH_ADDRESS" macro in FreeRTOSConfig.h.
23:31:33.431 INFO: [Benchmark] Loading data for "Task List" took 122 ms.
23:31:38.272 INFO: [TadState] TAD state changed:  READY -> DEBUG_RESUMED (RESUMED, USER_REQUEST)
23:31:38.436 INFO: [TadState] TAD state changed:  DEBUG_RESUMED -> READY (SUSPENDED, BREAKPOINT)
23:31:38.437 INFO: [Benchmark] Loading data for "Task List" has started.
23:31:38.585 ERROR: [TaskFactory] Could not read pxEndOfStack variable needed for determining correct stack size! 
	Please enable "configRECORD_STACK_HIGH_ADDRESS" macro in FreeRTOSConfig.h.
23:31:38.585 INFO: [Benchmark] Loading data for "Task List" took 148 ms.
23:31:56.395 INFO: [TadState] TAD state changed:  READY -> DEBUG_RESUMED (RESUMED, USER_REQUEST)
23:32:16.141 INFO: [TadState] TAD state changed:  DEBUG_RESUMED -> READY (SUSPENDED, BREAKPOINT)
23:32:16.141 INFO: [Benchmark] Loading data for "Heap Usage" has started.
23:32:16.289 ERROR: [TaskFactory] Could not read pxEndOfStack variable needed for determining correct stack size! 
	Please enable "configRECORD_STACK_HIGH_ADDRESS" macro in FreeRTOSConfig.h.
23:32:21.291 INFO: [HeapFactory] TAD will try to determine heap type (memory scheme) from available variables.
Please add "static const uint8_t freeRTOSMemoryScheme = <heap_type_used>;" (or use macro configFRTOS_MEMORY_SCHEME, if defined)
variable into your project for TAD to know which heap type is used.
23:32:21.291 INFO: [FreeRTOS] FreeRTOS macro "configFRTOS_MEMORY_SCHEME" is disabled.
23:32:21.291 INFO: [HeapFactory] Heap type (memory allocation scheme) has been identified from available heap variables as Heap type #3. 
23:32:21.293 INFO: [Benchmark] Loading data for "Heap Usage" took 5151 ms.
23:32:30.618 INFO: [Benchmark] Loading data for "Timer List" has started.
23:32:34.620 INFO: [Benchmark] Loading data for "Timer List" took 4002 ms.
23:32:35.646 INFO: [TadState] TAD state changed:  READY -> DEBUG_RESUMED (RESUMED, USER_REQUEST)
23:32:35.734 INFO: [TadState] TAD state changed:  DEBUG_RESUMED -> READY (SUSPENDED, BREAKPOINT)
23:32:35.735 INFO: [Benchmark] Loading data for "Timer List" has started.
23:32:36.662 INFO: [TadState] TAD state changed:  READY -> DEBUG_RESUMED (RESUMED, USER_REQUEST)
23:32:39.736 INFO: [Benchmark] Loading data for "Timer List" took 4001 ms.
23:32:39.736 INFO: [TadState] TAD state changed:  DEBUG_RESUMED -> READY (SUSPENDED, BREAKPOINT)
23:32:39.737 INFO: [Benchmark] Loading data for "Timer List" has started.
23:32:43.738 INFO: [Benchmark] Loading data for "Timer List" took 4001 ms.
23:32:48.279 INFO: [Benchmark] Loading data for "Queue List" has started.
23:32:48.279 INFO: [Benchmark] Loaded data for "Queue List" from cache.
23:33:11.868 INFO: [TadState] TAD state changed:  READY -> DEBUG_RESUMED (RESUMED, USER_REQUEST)
23:37:29.967 INFO: [TadState] TAD state changed:  DEBUG_RESUMED -> READY (SUSPENDED, BREAKPOINT)
23:37:30.24 INFO: [Benchmark] Loading data for "Task List" has started.
23:37:30.136 ERROR: [TaskFactory] Could not read pxEndOfStack variable needed for determining correct stack size! 
	Please enable "configRECORD_STACK_HIGH_ADDRESS" macro in FreeRTOSConfig.h.
23:37:30.136 INFO: [Benchmark] Loading data for "Task List" took 112 ms.
23:37:33.39 INFO: [TadState] TAD state changed:  READY -> DEBUG_RESUMED (RESUMED, USER_REQUEST)
01:02:41.399 INFO: [TadModel] DSF session ID 1 has ended.
